\BOOKMARK [1][-]{section.1}{\376\377\000M\000i\000l\000e\000s\000t\000o\000n\000e\000\040\000I\000I}{}% 1
\BOOKMARK [2][-]{subsection.1.1}{\376\377\000I\000n\000t\000r\000o\000d\000u\000c\000t\000i\000o\000n}{section.1}% 2
\BOOKMARK [3][-]{subsubsection.1.1.1}{\376\377\000E\000n\000h\000a\000n\000c\000e\000m\000e\000n\000t\000s\000\040\000t\000o\000\040\000P\000r\000o\000j\000e\000c\000t\000\040\000S\000t\000r\000u\000c\000t\000u\000r\000e\000\040\000\040\000a\000n\000d\000\040\000C\000o\000d\000e\000b\000a\000s\000e}{subsection.1.1}% 3
\BOOKMARK [2][-]{subsection.1.2}{\376\377\000D\000a\000t\000a\000\040\000P\000r\000o\000c\000e\000s\000s\000i\000n\000g}{section.1}% 4
\BOOKMARK [3][-]{subsubsection.1.2.1}{\376\377\000K\000-\000F\000o\000l\000d\000\040\000V\000a\000l\000i\000d\000a\000t\000i\000o\000n}{subsection.1.2}% 5
\BOOKMARK [2][-]{subsection.1.3}{\376\377\000L\000e\000a\000r\000n\000i\000n\000g\000\040\000r\000a\000t\000e\000\040\000\046\000\040\000L\000o\000s\000s\000\040\000f\000u\000n\000c\000t\000i\000o\000n\000\040\000\046\000\040\000E\000p\000o\000c\000h\000s}{section.1}% 6
\BOOKMARK [2][-]{subsection.1.4}{\376\377\000M\000L\000P}{section.1}% 7
\BOOKMARK [3][-]{subsubsection.1.4.1}{\376\377\000M\000e\000t\000h\000o\000d}{subsection.1.4}% 8
\BOOKMARK [3][-]{subsubsection.1.4.2}{\376\377\000E\000x\000p\000e\000r\000i\000m\000e\000n\000t\000\040\000a\000n\000d\000\040\000R\000e\000s\000u\000l\000t\000s}{subsection.1.4}% 9
\BOOKMARK [3][-]{subsubsection.1.4.3}{\376\377\000D\000i\000s\000c\000u\000s\000s\000i\000o\000n}{subsection.1.4}% 10
\BOOKMARK [2][-]{subsection.1.5}{\376\377\000C\000N\000N}{section.1}% 11
\BOOKMARK [3][-]{subsubsection.1.5.1}{\376\377\000M\000e\000t\000h\000o\000d}{subsection.1.5}% 12
\BOOKMARK [3][-]{subsubsection.1.5.2}{\376\377\000E\000x\000p\000e\000r\000i\000m\000e\000n\000t\000\040\000a\000n\000d\000\040\000R\000e\000s\000u\000l\000t\000s}{subsection.1.5}% 13
\BOOKMARK [3][-]{subsubsection.1.5.3}{\376\377\000D\000i\000s\000c\000u\000s\000s\000i\000o\000n}{subsection.1.5}% 14
\BOOKMARK [2][-]{subsection.1.6}{\376\377\000V\000i\000s\000i\000o\000n\000\040\000T\000r\000a\000n\000s\000f\000o\000r\000m\000e\000r}{section.1}% 15
\BOOKMARK [3][-]{subsubsection.1.6.1}{\376\377\000P\000a\000t\000c\000h\000i\000f\000i\000c\000a\000t\000i\000o\000n}{subsection.1.6}% 16
\BOOKMARK [3][-]{subsubsection.1.6.2}{\376\377\000P\000o\000s\000i\000t\000i\000o\000n\000a\000l\000\040\000E\000n\000c\000o\000d\000i\000n\000g}{subsection.1.6}% 17
\BOOKMARK [3][-]{subsubsection.1.6.3}{\376\377\000M\000u\000l\000t\000i\000-\000H\000e\000a\000d\000\040\000S\000e\000l\000f\000\040\000A\000t\000t\000e\000n\000t\000i\000o\000n}{subsection.1.6}% 18
\BOOKMARK [3][-]{subsubsection.1.6.4}{\376\377\000V\000i\000T\000\040\000B\000l\000o\000c\000k}{subsection.1.6}% 19
\BOOKMARK [3][-]{subsubsection.1.6.5}{\376\377\000E\000x\000p\000e\000r\000i\000m\000e\000n\000t\000\040\000a\000n\000d\000\040\000R\000e\000s\000u\000l\000t\000s}{subsection.1.6}% 20
\BOOKMARK [3][-]{subsubsection.1.6.6}{\376\377\000D\000i\000s\000c\000u\000s\000s\000i\000o\000n}{subsection.1.6}% 21
\BOOKMARK [2][-]{subsection.1.7}{\376\377\000P\000C\000A}{section.1}% 22
\BOOKMARK [2][-]{subsection.1.8}{\376\377\000B\000o\000n\000u\000s\000\040\000:\000\040\000G\000r\000a\000d\000e\000d\000\040\000C\000o\000m\000p\000e\000t\000i\000t\000i\000o\000n}{section.1}% 23
\BOOKMARK [3][-]{subsubsection.1.8.1}{\376\377\000D\000a\000t\000a\000\040\000A\000u\000g\000m\000e\000n\000t\000a\000t\000i\000o\000n}{subsection.1.8}% 24
\BOOKMARK [1][-]{section.2}{\376\377\000A\000p\000p\000e\000n\000d\000i\000x\000\040\000f\000o\000r\000\040\000M\000S\0002}{}% 25
